<?xml version="1.0" encoding="UTF-8"?>
<!-- Generated by org.testng.reporters.JUnitReportReporter -->
<testsuite hostname="DESKTOP-29EQ4BM" failures="0" tests="5" name="org.runnerclass.AdactinLogin" time="22.641" errors="0" timestamp="2024-12-21T14:00:34 JST" skipped="0">
  <testcase classname="org.runnerclass.AdactinLogin" name="TC02" time="5.245"/>
  <system-out/>
  <testcase classname="org.runnerclass.AdactinLogin" name="TC02" time="6.683"/>
  <system-out/>
  <testcase classname="org.runnerclass.AdactinLogin" name="TC02" time="5.638"/>
  <system-out/>
  <testcase classname="org.runnerclass.AdactinLogin" name="TC02" time="5.055"/>
  <system-out/>
  <testcase classname="org.runnerclass.AdactinLogin" name="TC01" time="0.020"/>
  <system-out/>
</testsuite> <!-- org.runnerclass.AdactinLogin -->
