<?xml version="1.0" encoding="UTF-8"?>
<!-- Generated by org.testng.reporters.JUnitReportReporter -->
<testsuite hostname="DESKTOP-29EQ4BM" failures="0" tests="1" name="org.runnerclass.FacebookCreateNewAccount" time="7.061" errors="0" timestamp="2024-12-21T14:09:34 JST" skipped="0">
  <testcase classname="org.runnerclass.FacebookCreateNewAccount" name="TC01" time="7.061"/>
  <system-out/>
</testsuite> <!-- org.runnerclass.FacebookCreateNewAccount -->
