<?xml version="1.0" encoding="UTF-8"?>
<!-- Generated by org.testng.reporters.JUnitReportReporter -->
<testsuite hostname="DESKTOP-29EQ4BM" failures="0" tests="1" name="org.runnerclass.SecondClass" time="0.033" errors="0" timestamp="2024-12-17T14:45:25 JST" skipped="0">
  <testcase classname="org.runnerclass.SecondClass" name="method1" time="0.033"/>
  <system-out/>
</testsuite> <!-- org.runnerclass.SecondClass -->
